[2025-12-15T08:30:20.855520+00:00] wechat_extractor.DEBUG: 提取img标签完成 {"count":2} []
[2025-12-15T08:30:20.856245+00:00] wechat_extractor.DEBUG: 提取背景图片完成 {"count":0} []
[2025-12-15T08:30:20.856318+00:00] wechat_extractor.DEBUG: 提取视频资源完成 {"count":0} []
[2025-12-15T08:30:20.856355+00:00] wechat_extractor.DEBUG: 提取其他媒体资源完成 {"count":0} []
[2025-12-15T08:30:20.856374+00:00] wechat_extractor.DEBUG: 内容媒体资源提取完成 {"original_count":2,"filtered_count":0,"urls":[]} []
[2025-12-15T08:30:20.856434+00:00] wechat_extractor.DEBUG: 提取img标签完成 {"count":2} []
[2025-12-15T08:30:20.856452+00:00] wechat_extractor.DEBUG: 提取背景图片完成 {"count":0} []
[2025-12-15T08:30:20.856460+00:00] wechat_extractor.DEBUG: 提取视频资源完成 {"count":0} []
[2025-12-15T08:30:20.856467+00:00] wechat_extractor.DEBUG: 提取其他媒体资源完成 {"count":0} []
[2025-12-15T08:30:20.856475+00:00] wechat_extractor.DEBUG: 内容媒体资源提取完成 {"original_count":2,"filtered_count":1,"urls":["https://mmbiz.qpic.cn/sz_mmbiz_jpg/test.jpg"]} []
[2025-12-15T09:41:53.039519+00:00] wechat_extractor.DEBUG: 提取img标签完成 {"count":2} []
[2025-12-15T09:41:53.040276+00:00] wechat_extractor.DEBUG: 提取背景图片完成 {"count":0} []
[2025-12-15T09:41:53.040338+00:00] wechat_extractor.DEBUG: 提取视频资源完成 {"count":0} []
[2025-12-15T09:41:53.040378+00:00] wechat_extractor.DEBUG: 提取其他媒体资源完成 {"count":0} []
[2025-12-15T09:41:53.040396+00:00] wechat_extractor.DEBUG: 检测到OBS资源 {"url":"https://z-arab-crm.obs.ap-southeast-1.myhuaweicloud.com:443/official_website/ba/0c/ba0c778.jpg","pattern":"obs.ap-"} []
[2025-12-15T09:41:53.040407+00:00] wechat_extractor.DEBUG: 检测到OBS资源 {"url":"https://z-arab-crm.obs.ap-southeast-1.myhuaweicloud.com:443/official_website/ba/0c/ba0c778.jpg","pattern":"obs.ap-"} []
[2025-12-15T09:41:53.040417+00:00] wechat_extractor.DEBUG: 内容媒体资源提取完成 {"original_count":2,"filtered_count":1,"urls":["https://z-arab-crm.obs.ap-southeast-1.myhuaweicloud.com:443/official_website/ba/0c/ba0c778.jpg"]} []
[2025-12-15T09:41:53.040472+00:00] wechat_extractor.DEBUG: 提取img标签完成 {"count":2} []
[2025-12-15T09:41:53.040485+00:00] wechat_extractor.DEBUG: 提取背景图片完成 {"count":0} []
[2025-12-15T09:41:53.040492+00:00] wechat_extractor.DEBUG: 提取视频资源完成 {"count":0} []
[2025-12-15T09:41:53.040498+00:00] wechat_extractor.DEBUG: 提取其他媒体资源完成 {"count":0} []
[2025-12-15T09:41:53.040506+00:00] wechat_extractor.DEBUG: 内容媒体资源提取完成 {"original_count":2,"filtered_count":1,"urls":["https://mmbiz.qpic.cn/sz_mmbiz_jpg/test.jpg"]} []
[2025-12-15T09:42:42.550013+00:00] wechat_extractor.DEBUG: 提取img标签完成 {"count":2} []
[2025-12-15T09:42:42.550510+00:00] wechat_extractor.DEBUG: 提取背景图片完成 {"count":0} []
[2025-12-15T09:42:42.550637+00:00] wechat_extractor.DEBUG: 提取视频资源完成 {"count":0} []
[2025-12-15T09:42:42.550686+00:00] wechat_extractor.DEBUG: 提取其他媒体资源完成 {"count":0} []
[2025-12-15T09:42:42.550717+00:00] wechat_extractor.DEBUG: 检测到OBS资源 {"url":"https://z-arab-crm.obs.ap-southeast-1.myhuaweicloud.com:443/official_website/ba/0c/ba0c778.jpg","pattern":"obs.ap-"} []
[2025-12-15T09:42:42.550740+00:00] wechat_extractor.DEBUG: 检测到OBS资源 {"url":"https://z-arab-crm.obs.ap-southeast-1.myhuaweicloud.com:443/official_website/ba/0c/ba0c778.jpg","pattern":"obs.ap-"} []
[2025-12-15T09:42:42.550755+00:00] wechat_extractor.DEBUG: 内容媒体资源提取完成 {"original_count":2,"filtered_count":1,"urls":["https://z-arab-crm.obs.ap-southeast-1.myhuaweicloud.com:443/official_website/ba/0c/ba0c778.jpg"]} []
[2025-12-15T09:42:42.550819+00:00] wechat_extractor.DEBUG: 提取img标签完成 {"count":2} []
[2025-12-15T09:42:42.550848+00:00] wechat_extractor.DEBUG: 提取背景图片完成 {"count":0} []
[2025-12-15T09:42:42.550872+00:00] wechat_extractor.DEBUG: 提取视频资源完成 {"count":0} []
[2025-12-15T09:42:42.550904+00:00] wechat_extractor.DEBUG: 提取其他媒体资源完成 {"count":0} []
[2025-12-15T09:42:42.550919+00:00] wechat_extractor.DEBUG: 内容媒体资源提取完成 {"original_count":2,"filtered_count":1,"urls":["https://mmbiz.qpic.cn/sz_mmbiz_jpg/test.jpg"]} []
[2025-12-15T09:42:42.550983+00:00] debug_media.DEBUG: 提取到src属性URL {"urls":["https://z-arab-crm.obs.ap-southeast-1.myhuaweicloud.com:443/official_website/ba/0c/ba0c778.jpg"]} []
[2025-12-15T09:42:42.551005+00:00] debug_media.DEBUG: 提取到data-src属性URL {"urls":["https://z-arab-crm.obs.ap-southeast-1.myhuaweicloud.com:443/official_website/ba/0c/ba0c778.jpg"]} []
[2025-12-15T09:42:42.551016+00:00] debug_media.DEBUG: 提取到的所有媒体URL {"urls":["https://z-arab-crm.obs.ap-southeast-1.myhuaweicloud.com:443/official_website/ba/0c/ba0c778.jpg"]} []
[2025-12-15T09:42:42.551024+00:00] debug_media.DEBUG: 检查是否为微信资源 {"url":"https://z-arab-crm.obs.ap-southeast-1.myhuaweicloud.com:443/official_website/ba/0c/ba0c778.jpg","host":"z-arab-crm.obs.ap-southeast-1.myhuaweicloud.com"} []
[2025-12-15T09:42:42.551032+00:00] debug_media.DEBUG: 非微信CDN资源 {"url":"https://z-arab-crm.obs.ap-southeast-1.myhuaweicloud.com:443/official_website/ba/0c/ba0c778.jpg","host":"z-arab-crm.obs.ap-southeast-1.myhuaweicloud.com"} []
[2025-12-15T09:42:42.551060+00:00] debug_media.DEBUG: 提取到src属性URL {"urls":["https://mmbiz.qpic.cn/sz_mmbiz_jpg/test.jpg"]} []
[2025-12-15T09:42:42.551073+00:00] debug_media.DEBUG: 提取到data-src属性URL {"urls":["https://mmbiz.qpic.cn/sz_mmbiz_jpg/test.jpg"]} []
[2025-12-15T09:42:42.551082+00:00] debug_media.DEBUG: 提取到的所有媒体URL {"urls":["https://mmbiz.qpic.cn/sz_mmbiz_jpg/test.jpg"]} []
[2025-12-15T09:42:42.551089+00:00] debug_media.DEBUG: 检查是否为微信资源 {"url":"https://mmbiz.qpic.cn/sz_mmbiz_jpg/test.jpg","host":"mmbiz.qpic.cn"} []
[2025-12-15T09:42:42.551100+00:00] debug_media.DEBUG: 确认为微信CDN资源 {"url":"https://mmbiz.qpic.cn/sz_mmbiz_jpg/test.jpg","matched_domain":"mmbiz.qpic.cn"} []
